2022-01-09 18:16:11,959 [Worker-2: Loading available Gradle versions] INFO  o.e.b.c.i.u.g.PublishedGradleVersions - Gradle version information cache is up-to-date. Trying to read.
2022-01-10 10:54:29,348 [Worker-12: Importing Maven projects] INFO  o.e.m.c.i.e.AbstractTransferListenerAdapter - Downloading https://repo.maven.apache.org/maven2/org/apache/maven/plugins/maven-clean-plugin/2.5/maven-clean-plugin-2.5.jar
2022-01-10 10:54:29,607 [Worker-12: Importing Maven projects] INFO  o.e.m.c.i.e.AbstractTransferListenerAdapter - Downloaded https://repo.maven.apache.org/maven2/org/apache/maven/plugins/maven-clean-plugin/2.5/maven-clean-plugin-2.5.jar
2022-01-10 10:54:29,934 [Worker-12: Importing Maven projects] INFO  o.e.m.c.i.e.AbstractTransferListenerAdapter - Downloading https://repo.maven.apache.org/maven2/org/apache/maven/plugins/maven-surefire-plugin/2.12.4/maven-surefire-plugin-2.12.4.jar
2022-01-10 10:54:30,162 [Worker-12: Importing Maven projects] INFO  o.e.m.c.i.e.AbstractTransferListenerAdapter - Downloaded https://repo.maven.apache.org/maven2/org/apache/maven/plugins/maven-surefire-plugin/2.12.4/maven-surefire-plugin-2.12.4.jar
2022-01-10 10:54:30,360 [Worker-12: Importing Maven projects] INFO  o.e.m.c.i.e.AbstractTransferListenerAdapter - Downloading https://repo.maven.apache.org/maven2/org/apache/maven/plugins/maven-jar-plugin/2.4/maven-jar-plugin-2.4.jar
2022-01-10 10:54:30,600 [Worker-12: Importing Maven projects] INFO  o.e.m.c.i.e.AbstractTransferListenerAdapter - Downloaded https://repo.maven.apache.org/maven2/org/apache/maven/plugins/maven-jar-plugin/2.4/maven-jar-plugin-2.4.jar
2022-01-10 10:54:30,857 [Worker-12: Importing Maven projects] INFO  o.e.m.c.i.e.AbstractTransferListenerAdapter - Downloading https://repo.maven.apache.org/maven2/org/apache/maven/plugins/maven-install-plugin/2.4/maven-install-plugin-2.4.jar
2022-01-10 10:54:31,065 [Worker-12: Importing Maven projects] INFO  o.e.m.c.i.e.AbstractTransferListenerAdapter - Downloaded https://repo.maven.apache.org/maven2/org/apache/maven/plugins/maven-install-plugin/2.4/maven-install-plugin-2.4.jar
2022-01-10 10:54:31,274 [Worker-12: Importing Maven projects] INFO  o.e.m.c.i.e.AbstractTransferListenerAdapter - Downloading https://repo.maven.apache.org/maven2/org/apache/maven/plugins/maven-deploy-plugin/2.7/maven-deploy-plugin-2.7.jar
2022-01-10 10:54:32,437 [Worker-12: Importing Maven projects] INFO  o.e.m.c.i.e.AbstractTransferListenerAdapter - Downloaded https://repo.maven.apache.org/maven2/org/apache/maven/plugins/maven-deploy-plugin/2.7/maven-deploy-plugin-2.7.jar
2022-01-10 10:54:32,640 [Worker-12: Importing Maven projects] INFO  o.e.m.c.i.e.AbstractTransferListenerAdapter - Downloading https://repo.maven.apache.org/maven2/org/apache/maven/plugins/maven-site-plugin/3.3/maven-site-plugin-3.3.jar
2022-01-10 10:54:32,941 [Worker-12: Importing Maven projects] INFO  o.e.m.c.i.e.AbstractTransferListenerAdapter - Downloaded https://repo.maven.apache.org/maven2/org/apache/maven/plugins/maven-site-plugin/3.3/maven-site-plugin-3.3.jar
2022-01-10 10:54:36,044 [Worker-12: Importing Maven projects] INFO  o.e.m.c.i.l.LifecycleMappingFactory - Using org.eclipse.m2e.jdt.JarLifecycleMapping lifecycle mapping for MavenProject: sp5:sp5-chap02:0.0.1-SNAPSHOT @ C:\ONEDRIVE\OneDrive - 아주대학교\Spring Study\eclipse-workspace\sp5-chap02\pom.xml.
2022-01-10 10:54:37,144 [Worker-12: Importing Maven projects] INFO  o.e.m.j.i.AbstractJavaProjectConfigurator - Adding source folder /sp5-chap02/src/main/java
2022-01-10 10:54:37,145 [Worker-12: Importing Maven projects] INFO  o.e.m.j.i.AbstractJavaProjectConfigurator - Adding source folder /sp5-chap02/src/test/java
2022-01-10 10:54:37,530 [Worker-12: Importing Maven projects] INFO  o.e.m.c.i.p.ProjectConfigurationManager - Imported and configured 1 project(s) in 9 sec
2022-01-10 10:54:37,963 [Worker-26: Download sources and javadoc] INFO  o.e.m.c.i.e.AbstractTransferListenerAdapter - Downloading https://repo.maven.apache.org/maven2/org/springframework/spring-context/5.0.2.RELEASE/spring-context-5.0.2.RELEASE-sources.jar
2022-01-10 10:54:38,877 [Worker-26: Download sources and javadoc] INFO  o.e.m.c.i.e.AbstractTransferListenerAdapter - Downloaded https://repo.maven.apache.org/maven2/org/springframework/spring-context/5.0.2.RELEASE/spring-context-5.0.2.RELEASE-sources.jar
2022-01-10 10:54:38,881 [Worker-26: Download sources and javadoc] INFO  o.e.m.j.internal.DownloadSourcesJob - Downloaded sources for org.springframework:spring-context:5.0.2.RELEASE
2022-01-10 10:54:39,436 [Worker-26: Download sources and javadoc] INFO  o.e.m.c.i.e.AbstractTransferListenerAdapter - Downloading https://repo.maven.apache.org/maven2/org/springframework/spring-aop/5.0.2.RELEASE/spring-aop-5.0.2.RELEASE-sources.jar
2022-01-10 10:54:39,682 [Worker-27: Auto share git projects] WARN  org.eclipse.jgit.util.FS - Cannot run program "\usr\bin\git" (in directory "\usr\bin"): CreateProcess error=2, 지정된 파일을 찾을 수 없습니다
2022-01-10 10:54:40,041 [Worker-26: Download sources and javadoc] INFO  o.e.m.c.i.e.AbstractTransferListenerAdapter - Downloaded https://repo.maven.apache.org/maven2/org/springframework/spring-aop/5.0.2.RELEASE/spring-aop-5.0.2.RELEASE-sources.jar
2022-01-10 10:54:40,045 [Worker-26: Download sources and javadoc] INFO  o.e.m.j.internal.DownloadSourcesJob - Downloaded sources for org.springframework:spring-aop:5.0.2.RELEASE
2022-01-10 10:54:40,361 [Worker-12: Building] WARN  o.e.m.c.i.embedder.EclipseLogger - Using platform encoding (MS949 actually) to copy filtered resources, i.e. build is platform dependent!
2022-01-10 10:54:40,366 [Worker-12: Building] INFO  o.e.m.c.i.embedder.EclipseLogger - skip non existing resourceDirectory C:\ONEDRIVE\OneDrive - 아주대학교\Spring Study\eclipse-workspace\sp5-chap02\src\main\resources
2022-01-10 10:54:40,370 [Worker-12: Building] WARN  o.e.m.c.i.embedder.EclipseLogger - Using platform encoding (MS949 actually) to copy filtered resources, i.e. build is platform dependent!
2022-01-10 10:54:40,372 [Worker-12: Building] INFO  o.e.m.c.i.embedder.EclipseLogger - skip non existing resourceDirectory C:\ONEDRIVE\OneDrive - 아주대학교\Spring Study\eclipse-workspace\sp5-chap02\src\test\resources
2022-01-10 10:54:40,636 [Worker-26: Download sources and javadoc] INFO  o.e.m.c.i.e.AbstractTransferListenerAdapter - Downloading https://repo.maven.apache.org/maven2/org/springframework/spring-beans/5.0.2.RELEASE/spring-beans-5.0.2.RELEASE-sources.jar
2022-01-10 10:54:41,481 [Worker-26: Download sources and javadoc] INFO  o.e.m.c.i.e.AbstractTransferListenerAdapter - Downloaded https://repo.maven.apache.org/maven2/org/springframework/spring-beans/5.0.2.RELEASE/spring-beans-5.0.2.RELEASE-sources.jar
2022-01-10 10:54:41,484 [Worker-26: Download sources and javadoc] INFO  o.e.m.j.internal.DownloadSourcesJob - Downloaded sources for org.springframework:spring-beans:5.0.2.RELEASE
2022-01-10 10:54:42,228 [Worker-26: Download sources and javadoc] INFO  o.e.m.c.i.e.AbstractTransferListenerAdapter - Downloading https://repo.maven.apache.org/maven2/org/springframework/spring-core/5.0.2.RELEASE/spring-core-5.0.2.RELEASE-sources.jar
2022-01-10 10:54:43,164 [Worker-26: Download sources and javadoc] INFO  o.e.m.c.i.e.AbstractTransferListenerAdapter - Downloaded https://repo.maven.apache.org/maven2/org/springframework/spring-core/5.0.2.RELEASE/spring-core-5.0.2.RELEASE-sources.jar
2022-01-10 10:54:43,168 [Worker-26: Download sources and javadoc] INFO  o.e.m.j.internal.DownloadSourcesJob - Downloaded sources for org.springframework:spring-core:5.0.2.RELEASE
2022-01-10 10:54:43,769 [Worker-26: Download sources and javadoc] INFO  o.e.m.c.i.e.AbstractTransferListenerAdapter - Downloading https://repo.maven.apache.org/maven2/org/springframework/spring-jcl/5.0.2.RELEASE/spring-jcl-5.0.2.RELEASE-sources.jar
2022-01-10 10:54:44,064 [Worker-26: Download sources and javadoc] INFO  o.e.m.c.i.e.AbstractTransferListenerAdapter - Downloaded https://repo.maven.apache.org/maven2/org/springframework/spring-jcl/5.0.2.RELEASE/spring-jcl-5.0.2.RELEASE-sources.jar
2022-01-10 10:54:44,068 [Worker-26: Download sources and javadoc] INFO  o.e.m.j.internal.DownloadSourcesJob - Downloaded sources for org.springframework:spring-jcl:5.0.2.RELEASE
2022-01-10 10:54:44,666 [Worker-26: Download sources and javadoc] INFO  o.e.m.c.i.e.AbstractTransferListenerAdapter - Downloading https://repo.maven.apache.org/maven2/org/springframework/spring-expression/5.0.2.RELEASE/spring-expression-5.0.2.RELEASE-sources.jar
2022-01-10 10:54:45,177 [Worker-26: Download sources and javadoc] INFO  o.e.m.c.i.e.AbstractTransferListenerAdapter - Downloaded https://repo.maven.apache.org/maven2/org/springframework/spring-expression/5.0.2.RELEASE/spring-expression-5.0.2.RELEASE-sources.jar
2022-01-10 10:54:45,181 [Worker-26: Download sources and javadoc] INFO  o.e.m.j.internal.DownloadSourcesJob - Downloaded sources for org.springframework:spring-expression:5.0.2.RELEASE
2022-01-10 10:54:45,448 [Worker-25: Building] WARN  o.e.m.c.i.embedder.EclipseLogger - Using platform encoding (MS949 actually) to copy filtered resources, i.e. build is platform dependent!
2022-01-10 10:54:45,450 [Worker-25: Building] INFO  o.e.m.c.i.embedder.EclipseLogger - skip non existing resourceDirectory C:\ONEDRIVE\OneDrive - 아주대학교\Spring Study\eclipse-workspace\sp5-chap02\src\main\resources
2022-01-10 10:54:45,451 [Worker-25: Building] WARN  o.e.m.c.i.embedder.EclipseLogger - Using platform encoding (MS949 actually) to copy filtered resources, i.e. build is platform dependent!
2022-01-10 10:54:45,453 [Worker-25: Building] INFO  o.e.m.c.i.embedder.EclipseLogger - skip non existing resourceDirectory C:\ONEDRIVE\OneDrive - 아주대학교\Spring Study\eclipse-workspace\sp5-chap02\src\test\resources
2022-01-10 11:08:17,373 [Worker-29: Building] WARN  o.e.m.c.i.embedder.EclipseLogger - Using platform encoding (MS949 actually) to copy filtered resources, i.e. build is platform dependent!
2022-01-10 11:08:17,375 [Worker-29: Building] INFO  o.e.m.c.i.embedder.EclipseLogger - skip non existing resourceDirectory C:\ONEDRIVE\OneDrive - 아주대학교\Spring Study\eclipse-workspace\sp5-chap02\src\main\resources
2022-01-10 11:08:17,377 [Worker-29: Building] WARN  o.e.m.c.i.embedder.EclipseLogger - Using platform encoding (MS949 actually) to copy filtered resources, i.e. build is platform dependent!
2022-01-10 11:08:17,378 [Worker-29: Building] INFO  o.e.m.c.i.embedder.EclipseLogger - skip non existing resourceDirectory C:\ONEDRIVE\OneDrive - 아주대학교\Spring Study\eclipse-workspace\sp5-chap02\src\test\resources
2022-01-10 11:08:28,411 [Worker-29: Building] WARN  o.e.m.c.i.embedder.EclipseLogger - Using platform encoding (MS949 actually) to copy filtered resources, i.e. build is platform dependent!
2022-01-10 11:08:28,413 [Worker-29: Building] INFO  o.e.m.c.i.embedder.EclipseLogger - skip non existing resourceDirectory C:\ONEDRIVE\OneDrive - 아주대학교\Spring Study\eclipse-workspace\sp5-chap02\src\main\resources
2022-01-10 11:08:28,415 [Worker-29: Building] WARN  o.e.m.c.i.embedder.EclipseLogger - Using platform encoding (MS949 actually) to copy filtered resources, i.e. build is platform dependent!
2022-01-10 11:08:28,416 [Worker-29: Building] INFO  o.e.m.c.i.embedder.EclipseLogger - skip non existing resourceDirectory C:\ONEDRIVE\OneDrive - 아주대학교\Spring Study\eclipse-workspace\sp5-chap02\src\test\resources
2022-01-10 11:09:26,232 [Worker-29: Building] WARN  o.e.m.c.i.embedder.EclipseLogger - Using platform encoding (MS949 actually) to copy filtered resources, i.e. build is platform dependent!
2022-01-10 11:09:26,234 [Worker-29: Building] INFO  o.e.m.c.i.embedder.EclipseLogger - skip non existing resourceDirectory C:\ONEDRIVE\OneDrive - 아주대학교\Spring Study\eclipse-workspace\sp5-chap02\src\main\resources
2022-01-10 11:09:26,237 [Worker-29: Building] WARN  o.e.m.c.i.embedder.EclipseLogger - Using platform encoding (MS949 actually) to copy filtered resources, i.e. build is platform dependent!
2022-01-10 11:09:26,239 [Worker-29: Building] INFO  o.e.m.c.i.embedder.EclipseLogger - skip non existing resourceDirectory C:\ONEDRIVE\OneDrive - 아주대학교\Spring Study\eclipse-workspace\sp5-chap02\src\test\resources
2022-01-10 11:09:43,812 [Worker-29: Building] WARN  o.e.m.c.i.embedder.EclipseLogger - Using platform encoding (MS949 actually) to copy filtered resources, i.e. build is platform dependent!
2022-01-10 11:09:43,813 [Worker-29: Building] INFO  o.e.m.c.i.embedder.EclipseLogger - skip non existing resourceDirectory C:\ONEDRIVE\OneDrive - 아주대학교\Spring Study\eclipse-workspace\sp5-chap02\src\main\resources
2022-01-10 11:09:43,815 [Worker-29: Building] WARN  o.e.m.c.i.embedder.EclipseLogger - Using platform encoding (MS949 actually) to copy filtered resources, i.e. build is platform dependent!
2022-01-10 11:09:43,816 [Worker-29: Building] INFO  o.e.m.c.i.embedder.EclipseLogger - skip non existing resourceDirectory C:\ONEDRIVE\OneDrive - 아주대학교\Spring Study\eclipse-workspace\sp5-chap02\src\test\resources
2022-01-10 11:09:51,286 [Worker-32: Building] WARN  o.e.m.c.i.embedder.EclipseLogger - Using platform encoding (MS949 actually) to copy filtered resources, i.e. build is platform dependent!
2022-01-10 11:09:51,288 [Worker-32: Building] INFO  o.e.m.c.i.embedder.EclipseLogger - skip non existing resourceDirectory C:\ONEDRIVE\OneDrive - 아주대학교\Spring Study\eclipse-workspace\sp5-chap02\src\main\resources
2022-01-10 11:09:51,289 [Worker-32: Building] WARN  o.e.m.c.i.embedder.EclipseLogger - Using platform encoding (MS949 actually) to copy filtered resources, i.e. build is platform dependent!
2022-01-10 11:09:51,291 [Worker-32: Building] INFO  o.e.m.c.i.embedder.EclipseLogger - skip non existing resourceDirectory C:\ONEDRIVE\OneDrive - 아주대학교\Spring Study\eclipse-workspace\sp5-chap02\src\test\resources
2022-01-10 11:09:55,995 [Worker-33: Building] WARN  o.e.m.c.i.embedder.EclipseLogger - Using platform encoding (MS949 actually) to copy filtered resources, i.e. build is platform dependent!
2022-01-10 11:09:55,996 [Worker-33: Building] INFO  o.e.m.c.i.embedder.EclipseLogger - skip non existing resourceDirectory C:\ONEDRIVE\OneDrive - 아주대학교\Spring Study\eclipse-workspace\sp5-chap02\src\main\resources
2022-01-10 11:09:56,003 [Worker-33: Building] WARN  o.e.m.c.i.embedder.EclipseLogger - Using platform encoding (MS949 actually) to copy filtered resources, i.e. build is platform dependent!
2022-01-10 11:09:56,005 [Worker-33: Building] INFO  o.e.m.c.i.embedder.EclipseLogger - skip non existing resourceDirectory C:\ONEDRIVE\OneDrive - 아주대학교\Spring Study\eclipse-workspace\sp5-chap02\src\test\resources
2022-01-10 11:11:03,961 [Worker-32: Building] WARN  o.e.m.c.i.embedder.EclipseLogger - Using platform encoding (MS949 actually) to copy filtered resources, i.e. build is platform dependent!
2022-01-10 11:11:03,962 [Worker-32: Building] INFO  o.e.m.c.i.embedder.EclipseLogger - skip non existing resourceDirectory C:\ONEDRIVE\OneDrive - 아주대학교\Spring Study\eclipse-workspace\sp5-chap02\src\main\resources
2022-01-10 11:11:03,964 [Worker-32: Building] WARN  o.e.m.c.i.embedder.EclipseLogger - Using platform encoding (MS949 actually) to copy filtered resources, i.e. build is platform dependent!
2022-01-10 11:11:03,965 [Worker-32: Building] INFO  o.e.m.c.i.embedder.EclipseLogger - skip non existing resourceDirectory C:\ONEDRIVE\OneDrive - 아주대학교\Spring Study\eclipse-workspace\sp5-chap02\src\test\resources
2022-01-10 11:11:30,909 [Worker-29: Building] WARN  o.e.m.c.i.embedder.EclipseLogger - Using platform encoding (MS949 actually) to copy filtered resources, i.e. build is platform dependent!
2022-01-10 11:11:30,911 [Worker-29: Building] INFO  o.e.m.c.i.embedder.EclipseLogger - skip non existing resourceDirectory C:\ONEDRIVE\OneDrive - 아주대학교\Spring Study\eclipse-workspace\sp5-chap02\src\main\resources
2022-01-10 11:11:30,914 [Worker-29: Building] WARN  o.e.m.c.i.embedder.EclipseLogger - Using platform encoding (MS949 actually) to copy filtered resources, i.e. build is platform dependent!
2022-01-10 11:11:30,916 [Worker-29: Building] INFO  o.e.m.c.i.embedder.EclipseLogger - skip non existing resourceDirectory C:\ONEDRIVE\OneDrive - 아주대학교\Spring Study\eclipse-workspace\sp5-chap02\src\test\resources
2022-01-10 11:11:31,938 [Worker-32: Building] WARN  o.e.m.c.i.embedder.EclipseLogger - Using platform encoding (MS949 actually) to copy filtered resources, i.e. build is platform dependent!
2022-01-10 11:11:31,939 [Worker-32: Building] INFO  o.e.m.c.i.embedder.EclipseLogger - skip non existing resourceDirectory C:\ONEDRIVE\OneDrive - 아주대학교\Spring Study\eclipse-workspace\sp5-chap02\src\main\resources
2022-01-10 11:11:31,941 [Worker-32: Building] WARN  o.e.m.c.i.embedder.EclipseLogger - Using platform encoding (MS949 actually) to copy filtered resources, i.e. build is platform dependent!
2022-01-10 11:11:31,943 [Worker-32: Building] INFO  o.e.m.c.i.embedder.EclipseLogger - skip non existing resourceDirectory C:\ONEDRIVE\OneDrive - 아주대학교\Spring Study\eclipse-workspace\sp5-chap02\src\test\resources
2022-01-10 11:13:12,879 [Worker-34: Building] WARN  o.e.m.c.i.embedder.EclipseLogger - Using platform encoding (MS949 actually) to copy filtered resources, i.e. build is platform dependent!
2022-01-10 11:13:12,881 [Worker-34: Building] INFO  o.e.m.c.i.embedder.EclipseLogger - skip non existing resourceDirectory C:\ONEDRIVE\OneDrive - 아주대학교\Spring Study\eclipse-workspace\sp5-chap02\src\main\resources
2022-01-10 11:13:12,883 [Worker-34: Building] WARN  o.e.m.c.i.embedder.EclipseLogger - Using platform encoding (MS949 actually) to copy filtered resources, i.e. build is platform dependent!
2022-01-10 11:13:12,884 [Worker-34: Building] INFO  o.e.m.c.i.embedder.EclipseLogger - skip non existing resourceDirectory C:\ONEDRIVE\OneDrive - 아주대학교\Spring Study\eclipse-workspace\sp5-chap02\src\test\resources
2022-01-10 11:14:27,278 [Worker-32: Building] WARN  o.e.m.c.i.embedder.EclipseLogger - Using platform encoding (MS949 actually) to copy filtered resources, i.e. build is platform dependent!
2022-01-10 11:14:27,280 [Worker-32: Building] INFO  o.e.m.c.i.embedder.EclipseLogger - skip non existing resourceDirectory C:\ONEDRIVE\OneDrive - 아주대학교\Spring Study\eclipse-workspace\sp5-chap02\src\main\resources
2022-01-10 11:14:27,281 [Worker-32: Building] WARN  o.e.m.c.i.embedder.EclipseLogger - Using platform encoding (MS949 actually) to copy filtered resources, i.e. build is platform dependent!
2022-01-10 11:14:27,283 [Worker-32: Building] INFO  o.e.m.c.i.embedder.EclipseLogger - skip non existing resourceDirectory C:\ONEDRIVE\OneDrive - 아주대학교\Spring Study\eclipse-workspace\sp5-chap02\src\test\resources
2022-01-10 11:15:41,615 [Worker-34: Building] WARN  o.e.m.c.i.embedder.EclipseLogger - Using platform encoding (MS949 actually) to copy filtered resources, i.e. build is platform dependent!
2022-01-10 11:15:41,616 [Worker-34: Building] INFO  o.e.m.c.i.embedder.EclipseLogger - skip non existing resourceDirectory C:\ONEDRIVE\OneDrive - 아주대학교\Spring Study\eclipse-workspace\sp5-chap02\src\main\resources
2022-01-10 11:15:41,618 [Worker-34: Building] WARN  o.e.m.c.i.embedder.EclipseLogger - Using platform encoding (MS949 actually) to copy filtered resources, i.e. build is platform dependent!
2022-01-10 11:15:41,619 [Worker-34: Building] INFO  o.e.m.c.i.embedder.EclipseLogger - skip non existing resourceDirectory C:\ONEDRIVE\OneDrive - 아주대학교\Spring Study\eclipse-workspace\sp5-chap02\src\test\resources
2022-01-10 11:16:35,654 [Worker-29: Building] WARN  o.e.m.c.i.embedder.EclipseLogger - Using platform encoding (MS949 actually) to copy filtered resources, i.e. build is platform dependent!
2022-01-10 11:16:35,656 [Worker-29: Building] INFO  o.e.m.c.i.embedder.EclipseLogger - skip non existing resourceDirectory C:\ONEDRIVE\OneDrive - 아주대학교\Spring Study\eclipse-workspace\sp5-chap02\src\main\resources
2022-01-10 11:16:35,658 [Worker-29: Building] WARN  o.e.m.c.i.embedder.EclipseLogger - Using platform encoding (MS949 actually) to copy filtered resources, i.e. build is platform dependent!
2022-01-10 11:16:35,659 [Worker-29: Building] INFO  o.e.m.c.i.embedder.EclipseLogger - skip non existing resourceDirectory C:\ONEDRIVE\OneDrive - 아주대학교\Spring Study\eclipse-workspace\sp5-chap02\src\test\resources
2022-01-10 11:26:19,077 [Worker-34: Building] WARN  o.e.m.c.i.embedder.EclipseLogger - Using platform encoding (MS949 actually) to copy filtered resources, i.e. build is platform dependent!
2022-01-10 11:26:19,080 [Worker-34: Building] INFO  o.e.m.c.i.embedder.EclipseLogger - skip non existing resourceDirectory C:\ONEDRIVE\OneDrive - 아주대학교\Spring Study\eclipse-workspace\sp5-chap02\src\main\resources
2022-01-10 11:26:19,086 [Worker-34: Building] WARN  o.e.m.c.i.embedder.EclipseLogger - Using platform encoding (MS949 actually) to copy filtered resources, i.e. build is platform dependent!
2022-01-10 11:26:19,087 [Worker-34: Building] INFO  o.e.m.c.i.embedder.EclipseLogger - skip non existing resourceDirectory C:\ONEDRIVE\OneDrive - 아주대학교\Spring Study\eclipse-workspace\sp5-chap02\src\test\resources
2022-01-10 11:28:23,648 [Worker-37: Launching Main] WARN  o.e.m.c.i.embedder.EclipseLogger - Using platform encoding (MS949 actually) to copy filtered resources, i.e. build is platform dependent!
2022-01-10 11:28:23,649 [Worker-37: Launching Main] INFO  o.e.m.c.i.embedder.EclipseLogger - skip non existing resourceDirectory C:\ONEDRIVE\OneDrive - 아주대학교\Spring Study\eclipse-workspace\sp5-chap02\src\main\resources
2022-01-10 11:28:23,651 [Worker-37: Launching Main] WARN  o.e.m.c.i.embedder.EclipseLogger - Using platform encoding (MS949 actually) to copy filtered resources, i.e. build is platform dependent!
2022-01-10 11:28:23,652 [Worker-37: Launching Main] INFO  o.e.m.c.i.embedder.EclipseLogger - skip non existing resourceDirectory C:\ONEDRIVE\OneDrive - 아주대학교\Spring Study\eclipse-workspace\sp5-chap02\src\test\resources
2022-01-10 15:07:13,926 [Worker-40: Building] WARN  o.e.m.c.i.embedder.EclipseLogger - Using platform encoding (MS949 actually) to copy filtered resources, i.e. build is platform dependent!
2022-01-10 15:07:13,928 [Worker-40: Building] INFO  o.e.m.c.i.embedder.EclipseLogger - skip non existing resourceDirectory C:\ONEDRIVE\OneDrive - 아주대학교\Spring Study\eclipse-workspace\sp5-chap02\src\main\resources
2022-01-10 15:07:13,930 [Worker-40: Building] WARN  o.e.m.c.i.embedder.EclipseLogger - Using platform encoding (MS949 actually) to copy filtered resources, i.e. build is platform dependent!
2022-01-10 15:07:13,931 [Worker-40: Building] INFO  o.e.m.c.i.embedder.EclipseLogger - skip non existing resourceDirectory C:\ONEDRIVE\OneDrive - 아주대학교\Spring Study\eclipse-workspace\sp5-chap02\src\test\resources
2022-01-10 15:09:11,911 [Worker-43: Launching Main2] WARN  o.e.m.c.i.embedder.EclipseLogger - Using platform encoding (MS949 actually) to copy filtered resources, i.e. build is platform dependent!
2022-01-10 15:09:11,913 [Worker-43: Launching Main2] INFO  o.e.m.c.i.embedder.EclipseLogger - skip non existing resourceDirectory C:\ONEDRIVE\OneDrive - 아주대학교\Spring Study\eclipse-workspace\sp5-chap02\src\main\resources
2022-01-10 15:09:11,914 [Worker-43: Launching Main2] WARN  o.e.m.c.i.embedder.EclipseLogger - Using platform encoding (MS949 actually) to copy filtered resources, i.e. build is platform dependent!
2022-01-10 15:09:11,916 [Worker-43: Launching Main2] INFO  o.e.m.c.i.embedder.EclipseLogger - skip non existing resourceDirectory C:\ONEDRIVE\OneDrive - 아주대학교\Spring Study\eclipse-workspace\sp5-chap02\src\test\resources
2022-01-11 16:40:41,305 [Worker-3: Loading available Gradle versions] INFO  o.e.b.c.i.u.g.PublishedGradleVersions - Gradle version information cache is out-of-date. Trying to update.
2022-01-11 16:40:43,234 [Worker-5: Decoration Calculation] WARN  org.eclipse.jgit.util.FS - Cannot run program "\usr\bin\git" (in directory "\usr\bin"): CreateProcess error=2, 지정된 파일을 찾을 수 없습니다
2022-01-11 16:46:33,495 [Worker-3: Importing Maven projects] INFO  o.e.m.c.i.l.LifecycleMappingFactory - Using org.eclipse.m2e.jdt.JarLifecycleMapping lifecycle mapping for MavenProject: sp5:sp5-chap03:0.0.1-SNAPSHOT @ C:\ONEDRIVE\OneDrive - 아주대학교\Spring Study\eclipse-workspace\sp5-chap03\pom.xml.
2022-01-11 16:46:34,710 [Worker-3: Importing Maven projects] INFO  o.e.m.j.i.AbstractJavaProjectConfigurator - Adding source folder /sp5-chap03/src/main/java
2022-01-11 16:46:34,711 [Worker-3: Importing Maven projects] INFO  o.e.m.j.i.AbstractJavaProjectConfigurator - Adding source folder /sp5-chap03/src/test/java
2022-01-11 16:46:34,831 [Worker-3: Importing Maven projects] INFO  o.e.m.c.i.p.ProjectConfigurationManager - Imported and configured 1 project(s) in 4 sec
2022-01-11 16:46:35,255 [Worker-21: Building] WARN  o.e.m.c.i.embedder.EclipseLogger - Using platform encoding (MS949 actually) to copy filtered resources, i.e. build is platform dependent!
2022-01-11 16:46:35,256 [Worker-21: Building] INFO  o.e.m.c.i.embedder.EclipseLogger - skip non existing resourceDirectory C:\ONEDRIVE\OneDrive - 아주대학교\Spring Study\eclipse-workspace\sp5-chap03\src\main\resources
2022-01-11 16:46:35,259 [Worker-21: Building] WARN  o.e.m.c.i.embedder.EclipseLogger - Using platform encoding (MS949 actually) to copy filtered resources, i.e. build is platform dependent!
2022-01-11 16:46:35,261 [Worker-21: Building] INFO  o.e.m.c.i.embedder.EclipseLogger - skip non existing resourceDirectory C:\ONEDRIVE\OneDrive - 아주대학교\Spring Study\eclipse-workspace\sp5-chap03\src\test\resources
2022-01-11 16:47:19,448 [Worker-3: Building] WARN  o.e.m.c.i.embedder.EclipseLogger - Using platform encoding (MS949 actually) to copy filtered resources, i.e. build is platform dependent!
2022-01-11 16:47:19,450 [Worker-3: Building] INFO  o.e.m.c.i.embedder.EclipseLogger - skip non existing resourceDirectory C:\ONEDRIVE\OneDrive - 아주대학교\Spring Study\eclipse-workspace\sp5-chap03\src\main\resources
2022-01-11 16:47:19,452 [Worker-3: Building] WARN  o.e.m.c.i.embedder.EclipseLogger - Using platform encoding (MS949 actually) to copy filtered resources, i.e. build is platform dependent!
2022-01-11 16:47:19,454 [Worker-3: Building] INFO  o.e.m.c.i.embedder.EclipseLogger - skip non existing resourceDirectory C:\ONEDRIVE\OneDrive - 아주대학교\Spring Study\eclipse-workspace\sp5-chap03\src\test\resources
2022-01-11 16:47:36,140 [Worker-21: Building] WARN  o.e.m.c.i.embedder.EclipseLogger - Using platform encoding (MS949 actually) to copy filtered resources, i.e. build is platform dependent!
2022-01-11 16:47:36,142 [Worker-21: Building] INFO  o.e.m.c.i.embedder.EclipseLogger - skip non existing resourceDirectory C:\ONEDRIVE\OneDrive - 아주대학교\Spring Study\eclipse-workspace\sp5-chap03\src\main\resources
2022-01-11 16:47:36,144 [Worker-21: Building] WARN  o.e.m.c.i.embedder.EclipseLogger - Using platform encoding (MS949 actually) to copy filtered resources, i.e. build is platform dependent!
2022-01-11 16:47:36,146 [Worker-21: Building] INFO  o.e.m.c.i.embedder.EclipseLogger - skip non existing resourceDirectory C:\ONEDRIVE\OneDrive - 아주대학교\Spring Study\eclipse-workspace\sp5-chap03\src\test\resources
2022-01-11 17:36:05,714 [Worker-26: Building] WARN  o.e.m.c.i.embedder.EclipseLogger - Using platform encoding (MS949 actually) to copy filtered resources, i.e. build is platform dependent!
2022-01-11 17:36:05,716 [Worker-26: Building] INFO  o.e.m.c.i.embedder.EclipseLogger - skip non existing resourceDirectory C:\ONEDRIVE\OneDrive - 아주대학교\Spring Study\eclipse-workspace\sp5-chap03\src\main\resources
2022-01-11 17:36:05,718 [Worker-26: Building] WARN  o.e.m.c.i.embedder.EclipseLogger - Using platform encoding (MS949 actually) to copy filtered resources, i.e. build is platform dependent!
2022-01-11 17:36:05,720 [Worker-26: Building] INFO  o.e.m.c.i.embedder.EclipseLogger - skip non existing resourceDirectory C:\ONEDRIVE\OneDrive - 아주대학교\Spring Study\eclipse-workspace\sp5-chap03\src\test\resources
2022-01-11 17:50:57,610 [Worker-32: Building] WARN  o.e.m.c.i.embedder.EclipseLogger - Using platform encoding (MS949 actually) to copy filtered resources, i.e. build is platform dependent!
2022-01-11 17:50:57,612 [Worker-32: Building] INFO  o.e.m.c.i.embedder.EclipseLogger - skip non existing resourceDirectory C:\ONEDRIVE\OneDrive - 아주대학교\Spring Study\eclipse-workspace\sp5-chap03\src\main\resources
2022-01-11 17:50:57,614 [Worker-32: Building] WARN  o.e.m.c.i.embedder.EclipseLogger - Using platform encoding (MS949 actually) to copy filtered resources, i.e. build is platform dependent!
2022-01-11 17:50:57,615 [Worker-32: Building] INFO  o.e.m.c.i.embedder.EclipseLogger - skip non existing resourceDirectory C:\ONEDRIVE\OneDrive - 아주대학교\Spring Study\eclipse-workspace\sp5-chap03\src\test\resources
2022-01-11 17:52:53,829 [Worker-34: Building] WARN  o.e.m.c.i.embedder.EclipseLogger - Using platform encoding (MS949 actually) to copy filtered resources, i.e. build is platform dependent!
2022-01-11 17:52:53,830 [Worker-34: Building] INFO  o.e.m.c.i.embedder.EclipseLogger - skip non existing resourceDirectory C:\ONEDRIVE\OneDrive - 아주대학교\Spring Study\eclipse-workspace\sp5-chap03\src\main\resources
2022-01-11 17:52:53,832 [Worker-34: Building] WARN  o.e.m.c.i.embedder.EclipseLogger - Using platform encoding (MS949 actually) to copy filtered resources, i.e. build is platform dependent!
2022-01-11 17:52:53,835 [Worker-34: Building] INFO  o.e.m.c.i.embedder.EclipseLogger - skip non existing resourceDirectory C:\ONEDRIVE\OneDrive - 아주대학교\Spring Study\eclipse-workspace\sp5-chap03\src\test\resources
2022-01-11 18:06:09,585 [Worker-34: Building] WARN  o.e.m.c.i.embedder.EclipseLogger - Using platform encoding (MS949 actually) to copy filtered resources, i.e. build is platform dependent!
2022-01-11 18:06:09,587 [Worker-34: Building] INFO  o.e.m.c.i.embedder.EclipseLogger - skip non existing resourceDirectory C:\ONEDRIVE\OneDrive - 아주대학교\Spring Study\eclipse-workspace\sp5-chap03\src\main\resources
2022-01-11 18:06:09,589 [Worker-34: Building] WARN  o.e.m.c.i.embedder.EclipseLogger - Using platform encoding (MS949 actually) to copy filtered resources, i.e. build is platform dependent!
2022-01-11 18:06:09,590 [Worker-34: Building] INFO  o.e.m.c.i.embedder.EclipseLogger - skip non existing resourceDirectory C:\ONEDRIVE\OneDrive - 아주대학교\Spring Study\eclipse-workspace\sp5-chap03\src\test\resources
2022-01-11 18:07:07,196 [Worker-34: Building] WARN  o.e.m.c.i.embedder.EclipseLogger - Using platform encoding (MS949 actually) to copy filtered resources, i.e. build is platform dependent!
2022-01-11 18:07:07,198 [Worker-34: Building] INFO  o.e.m.c.i.embedder.EclipseLogger - skip non existing resourceDirectory C:\ONEDRIVE\OneDrive - 아주대학교\Spring Study\eclipse-workspace\sp5-chap03\src\main\resources
2022-01-11 18:07:07,201 [Worker-34: Building] WARN  o.e.m.c.i.embedder.EclipseLogger - Using platform encoding (MS949 actually) to copy filtered resources, i.e. build is platform dependent!
2022-01-11 18:07:07,203 [Worker-34: Building] INFO  o.e.m.c.i.embedder.EclipseLogger - skip non existing resourceDirectory C:\ONEDRIVE\OneDrive - 아주대학교\Spring Study\eclipse-workspace\sp5-chap03\src\test\resources
2022-01-11 18:07:15,745 [Worker-39: Building] WARN  o.e.m.c.i.embedder.EclipseLogger - Using platform encoding (MS949 actually) to copy filtered resources, i.e. build is platform dependent!
2022-01-11 18:07:15,747 [Worker-39: Building] INFO  o.e.m.c.i.embedder.EclipseLogger - skip non existing resourceDirectory C:\ONEDRIVE\OneDrive - 아주대학교\Spring Study\eclipse-workspace\sp5-chap03\src\main\resources
2022-01-11 18:07:15,749 [Worker-39: Building] WARN  o.e.m.c.i.embedder.EclipseLogger - Using platform encoding (MS949 actually) to copy filtered resources, i.e. build is platform dependent!
2022-01-11 18:07:15,751 [Worker-39: Building] INFO  o.e.m.c.i.embedder.EclipseLogger - skip non existing resourceDirectory C:\ONEDRIVE\OneDrive - 아주대학교\Spring Study\eclipse-workspace\sp5-chap03\src\test\resources
2022-01-11 18:07:17,212 [Worker-40: Building] WARN  o.e.m.c.i.embedder.EclipseLogger - Using platform encoding (MS949 actually) to copy filtered resources, i.e. build is platform dependent!
2022-01-11 18:07:17,213 [Worker-40: Building] INFO  o.e.m.c.i.embedder.EclipseLogger - skip non existing resourceDirectory C:\ONEDRIVE\OneDrive - 아주대학교\Spring Study\eclipse-workspace\sp5-chap03\src\main\resources
2022-01-11 18:07:17,215 [Worker-40: Building] WARN  o.e.m.c.i.embedder.EclipseLogger - Using platform encoding (MS949 actually) to copy filtered resources, i.e. build is platform dependent!
2022-01-11 18:07:17,216 [Worker-40: Building] INFO  o.e.m.c.i.embedder.EclipseLogger - skip non existing resourceDirectory C:\ONEDRIVE\OneDrive - 아주대학교\Spring Study\eclipse-workspace\sp5-chap03\src\test\resources
2022-01-11 18:07:26,380 [Worker-34: Building] WARN  o.e.m.c.i.embedder.EclipseLogger - Using platform encoding (MS949 actually) to copy filtered resources, i.e. build is platform dependent!
2022-01-11 18:07:26,381 [Worker-34: Building] INFO  o.e.m.c.i.embedder.EclipseLogger - skip non existing resourceDirectory C:\ONEDRIVE\OneDrive - 아주대학교\Spring Study\eclipse-workspace\sp5-chap03\src\main\resources
2022-01-11 18:07:26,383 [Worker-34: Building] WARN  o.e.m.c.i.embedder.EclipseLogger - Using platform encoding (MS949 actually) to copy filtered resources, i.e. build is platform dependent!
2022-01-11 18:07:26,385 [Worker-34: Building] INFO  o.e.m.c.i.embedder.EclipseLogger - skip non existing resourceDirectory C:\ONEDRIVE\OneDrive - 아주대학교\Spring Study\eclipse-workspace\sp5-chap03\src\test\resources
2022-01-11 18:09:25,675 [Worker-38: Building] WARN  o.e.m.c.i.embedder.EclipseLogger - Using platform encoding (MS949 actually) to copy filtered resources, i.e. build is platform dependent!
2022-01-11 18:09:25,676 [Worker-38: Building] INFO  o.e.m.c.i.embedder.EclipseLogger - skip non existing resourceDirectory C:\ONEDRIVE\OneDrive - 아주대학교\Spring Study\eclipse-workspace\sp5-chap03\src\main\resources
2022-01-11 18:09:25,678 [Worker-38: Building] WARN  o.e.m.c.i.embedder.EclipseLogger - Using platform encoding (MS949 actually) to copy filtered resources, i.e. build is platform dependent!
2022-01-11 18:09:25,680 [Worker-38: Building] INFO  o.e.m.c.i.embedder.EclipseLogger - skip non existing resourceDirectory C:\ONEDRIVE\OneDrive - 아주대학교\Spring Study\eclipse-workspace\sp5-chap03\src\test\resources
2022-01-11 18:10:53,487 [Worker-39: Building] WARN  o.e.m.c.i.embedder.EclipseLogger - Using platform encoding (MS949 actually) to copy filtered resources, i.e. build is platform dependent!
2022-01-11 18:10:53,489 [Worker-39: Building] INFO  o.e.m.c.i.embedder.EclipseLogger - skip non existing resourceDirectory C:\ONEDRIVE\OneDrive - 아주대학교\Spring Study\eclipse-workspace\sp5-chap03\src\main\resources
2022-01-11 18:10:53,491 [Worker-39: Building] WARN  o.e.m.c.i.embedder.EclipseLogger - Using platform encoding (MS949 actually) to copy filtered resources, i.e. build is platform dependent!
2022-01-11 18:10:53,492 [Worker-39: Building] INFO  o.e.m.c.i.embedder.EclipseLogger - skip non existing resourceDirectory C:\ONEDRIVE\OneDrive - 아주대학교\Spring Study\eclipse-workspace\sp5-chap03\src\test\resources
2022-01-11 18:14:35,567 [Worker-38: Building] WARN  o.e.m.c.i.embedder.EclipseLogger - Using platform encoding (MS949 actually) to copy filtered resources, i.e. build is platform dependent!
2022-01-11 18:14:35,568 [Worker-38: Building] INFO  o.e.m.c.i.embedder.EclipseLogger - skip non existing resourceDirectory C:\ONEDRIVE\OneDrive - 아주대학교\Spring Study\eclipse-workspace\sp5-chap03\src\main\resources
2022-01-11 18:14:35,570 [Worker-38: Building] WARN  o.e.m.c.i.embedder.EclipseLogger - Using platform encoding (MS949 actually) to copy filtered resources, i.e. build is platform dependent!
2022-01-11 18:14:35,571 [Worker-38: Building] INFO  o.e.m.c.i.embedder.EclipseLogger - skip non existing resourceDirectory C:\ONEDRIVE\OneDrive - 아주대학교\Spring Study\eclipse-workspace\sp5-chap03\src\test\resources
2022-01-11 18:17:18,752 [Worker-47: Building] WARN  o.e.m.c.i.embedder.EclipseLogger - Using platform encoding (MS949 actually) to copy filtered resources, i.e. build is platform dependent!
2022-01-11 18:17:18,754 [Worker-47: Building] INFO  o.e.m.c.i.embedder.EclipseLogger - skip non existing resourceDirectory C:\ONEDRIVE\OneDrive - 아주대학교\Spring Study\eclipse-workspace\sp5-chap03\src\main\resources
2022-01-11 18:17:18,756 [Worker-47: Building] WARN  o.e.m.c.i.embedder.EclipseLogger - Using platform encoding (MS949 actually) to copy filtered resources, i.e. build is platform dependent!
2022-01-11 18:17:18,758 [Worker-47: Building] INFO  o.e.m.c.i.embedder.EclipseLogger - skip non existing resourceDirectory C:\ONEDRIVE\OneDrive - 아주대학교\Spring Study\eclipse-workspace\sp5-chap03\src\test\resources
2022-01-11 18:22:33,087 [Worker-42: Building] WARN  o.e.m.c.i.embedder.EclipseLogger - Using platform encoding (MS949 actually) to copy filtered resources, i.e. build is platform dependent!
2022-01-11 18:22:33,089 [Worker-42: Building] INFO  o.e.m.c.i.embedder.EclipseLogger - skip non existing resourceDirectory C:\ONEDRIVE\OneDrive - 아주대학교\Spring Study\eclipse-workspace\sp5-chap03\src\main\resources
2022-01-11 18:22:33,092 [Worker-42: Building] WARN  o.e.m.c.i.embedder.EclipseLogger - Using platform encoding (MS949 actually) to copy filtered resources, i.e. build is platform dependent!
2022-01-11 18:22:33,095 [Worker-42: Building] INFO  o.e.m.c.i.embedder.EclipseLogger - skip non existing resourceDirectory C:\ONEDRIVE\OneDrive - 아주대학교\Spring Study\eclipse-workspace\sp5-chap03\src\test\resources
2022-01-11 18:22:51,870 [Worker-42: Building] WARN  o.e.m.c.i.embedder.EclipseLogger - Using platform encoding (MS949 actually) to copy filtered resources, i.e. build is platform dependent!
2022-01-11 18:22:51,872 [Worker-42: Building] INFO  o.e.m.c.i.embedder.EclipseLogger - skip non existing resourceDirectory C:\ONEDRIVE\OneDrive - 아주대학교\Spring Study\eclipse-workspace\sp5-chap03\src\main\resources
2022-01-11 18:22:51,873 [Worker-42: Building] WARN  o.e.m.c.i.embedder.EclipseLogger - Using platform encoding (MS949 actually) to copy filtered resources, i.e. build is platform dependent!
2022-01-11 18:22:51,874 [Worker-42: Building] INFO  o.e.m.c.i.embedder.EclipseLogger - skip non existing resourceDirectory C:\ONEDRIVE\OneDrive - 아주대학교\Spring Study\eclipse-workspace\sp5-chap03\src\test\resources
2022-01-11 19:38:12,312 [Worker-49: Building] WARN  o.e.m.c.i.embedder.EclipseLogger - Using platform encoding (MS949 actually) to copy filtered resources, i.e. build is platform dependent!
2022-01-11 19:38:12,315 [Worker-49: Building] INFO  o.e.m.c.i.embedder.EclipseLogger - skip non existing resourceDirectory C:\ONEDRIVE\OneDrive - 아주대학교\Spring Study\eclipse-workspace\sp5-chap03\src\main\resources
2022-01-11 19:38:12,323 [Worker-49: Building] WARN  o.e.m.c.i.embedder.EclipseLogger - Using platform encoding (MS949 actually) to copy filtered resources, i.e. build is platform dependent!
2022-01-11 19:38:12,324 [Worker-49: Building] INFO  o.e.m.c.i.embedder.EclipseLogger - skip non existing resourceDirectory C:\ONEDRIVE\OneDrive - 아주대학교\Spring Study\eclipse-workspace\sp5-chap03\src\test\resources
2022-01-11 19:38:24,062 [Worker-53: Building] WARN  o.e.m.c.i.embedder.EclipseLogger - Using platform encoding (MS949 actually) to copy filtered resources, i.e. build is platform dependent!
2022-01-11 19:38:24,064 [Worker-53: Building] INFO  o.e.m.c.i.embedder.EclipseLogger - skip non existing resourceDirectory C:\ONEDRIVE\OneDrive - 아주대학교\Spring Study\eclipse-workspace\sp5-chap03\src\main\resources
2022-01-11 19:38:24,066 [Worker-53: Building] WARN  o.e.m.c.i.embedder.EclipseLogger - Using platform encoding (MS949 actually) to copy filtered resources, i.e. build is platform dependent!
2022-01-11 19:38:24,067 [Worker-53: Building] INFO  o.e.m.c.i.embedder.EclipseLogger - skip non existing resourceDirectory C:\ONEDRIVE\OneDrive - 아주대학교\Spring Study\eclipse-workspace\sp5-chap03\src\test\resources
2022-01-11 19:49:07,371 [Worker-49: Building] WARN  o.e.m.c.i.embedder.EclipseLogger - Using platform encoding (MS949 actually) to copy filtered resources, i.e. build is platform dependent!
2022-01-11 19:49:07,372 [Worker-49: Building] INFO  o.e.m.c.i.embedder.EclipseLogger - skip non existing resourceDirectory C:\ONEDRIVE\OneDrive - 아주대학교\Spring Study\eclipse-workspace\sp5-chap03\src\main\resources
2022-01-11 19:49:07,374 [Worker-49: Building] WARN  o.e.m.c.i.embedder.EclipseLogger - Using platform encoding (MS949 actually) to copy filtered resources, i.e. build is platform dependent!
2022-01-11 19:49:07,375 [Worker-49: Building] INFO  o.e.m.c.i.embedder.EclipseLogger - skip non existing resourceDirectory C:\ONEDRIVE\OneDrive - 아주대학교\Spring Study\eclipse-workspace\sp5-chap03\src\test\resources
2022-01-11 19:49:19,202 [Worker-56: Building] WARN  o.e.m.c.i.embedder.EclipseLogger - Using platform encoding (MS949 actually) to copy filtered resources, i.e. build is platform dependent!
2022-01-11 19:49:19,204 [Worker-56: Building] INFO  o.e.m.c.i.embedder.EclipseLogger - skip non existing resourceDirectory C:\ONEDRIVE\OneDrive - 아주대학교\Spring Study\eclipse-workspace\sp5-chap03\src\main\resources
2022-01-11 19:49:19,206 [Worker-56: Building] WARN  o.e.m.c.i.embedder.EclipseLogger - Using platform encoding (MS949 actually) to copy filtered resources, i.e. build is platform dependent!
2022-01-11 19:49:19,207 [Worker-56: Building] INFO  o.e.m.c.i.embedder.EclipseLogger - skip non existing resourceDirectory C:\ONEDRIVE\OneDrive - 아주대학교\Spring Study\eclipse-workspace\sp5-chap03\src\test\resources
2022-01-11 19:59:22,827 [Worker-59: Building] WARN  o.e.m.c.i.embedder.EclipseLogger - Using platform encoding (MS949 actually) to copy filtered resources, i.e. build is platform dependent!
2022-01-11 19:59:22,829 [Worker-59: Building] INFO  o.e.m.c.i.embedder.EclipseLogger - skip non existing resourceDirectory C:\ONEDRIVE\OneDrive - 아주대학교\Spring Study\eclipse-workspace\sp5-chap03\src\main\resources
2022-01-11 19:59:22,831 [Worker-59: Building] WARN  o.e.m.c.i.embedder.EclipseLogger - Using platform encoding (MS949 actually) to copy filtered resources, i.e. build is platform dependent!
2022-01-11 19:59:22,832 [Worker-59: Building] INFO  o.e.m.c.i.embedder.EclipseLogger - skip non existing resourceDirectory C:\ONEDRIVE\OneDrive - 아주대학교\Spring Study\eclipse-workspace\sp5-chap03\src\test\resources
2022-01-11 20:00:00,017 [Worker-61: Building] WARN  o.e.m.c.i.embedder.EclipseLogger - Using platform encoding (MS949 actually) to copy filtered resources, i.e. build is platform dependent!
2022-01-11 20:00:00,019 [Worker-61: Building] INFO  o.e.m.c.i.embedder.EclipseLogger - skip non existing resourceDirectory C:\ONEDRIVE\OneDrive - 아주대학교\Spring Study\eclipse-workspace\sp5-chap03\src\main\resources
2022-01-11 20:00:00,020 [Worker-61: Building] WARN  o.e.m.c.i.embedder.EclipseLogger - Using platform encoding (MS949 actually) to copy filtered resources, i.e. build is platform dependent!
2022-01-11 20:00:00,021 [Worker-61: Building] INFO  o.e.m.c.i.embedder.EclipseLogger - skip non existing resourceDirectory C:\ONEDRIVE\OneDrive - 아주대학교\Spring Study\eclipse-workspace\sp5-chap03\src\test\resources
2022-01-11 20:00:02,508 [Worker-59: Building] WARN  o.e.m.c.i.embedder.EclipseLogger - Using platform encoding (MS949 actually) to copy filtered resources, i.e. build is platform dependent!
2022-01-11 20:00:02,510 [Worker-59: Building] INFO  o.e.m.c.i.embedder.EclipseLogger - skip non existing resourceDirectory C:\ONEDRIVE\OneDrive - 아주대학교\Spring Study\eclipse-workspace\sp5-chap03\src\main\resources
2022-01-11 20:00:02,512 [Worker-59: Building] WARN  o.e.m.c.i.embedder.EclipseLogger - Using platform encoding (MS949 actually) to copy filtered resources, i.e. build is platform dependent!
2022-01-11 20:00:02,513 [Worker-59: Building] INFO  o.e.m.c.i.embedder.EclipseLogger - skip non existing resourceDirectory C:\ONEDRIVE\OneDrive - 아주대학교\Spring Study\eclipse-workspace\sp5-chap03\src\test\resources
2022-01-11 20:03:01,259 [Worker-57: Building] WARN  o.e.m.c.i.embedder.EclipseLogger - Using platform encoding (MS949 actually) to copy filtered resources, i.e. build is platform dependent!
2022-01-11 20:03:01,260 [Worker-57: Building] INFO  o.e.m.c.i.embedder.EclipseLogger - skip non existing resourceDirectory C:\ONEDRIVE\OneDrive - 아주대학교\Spring Study\eclipse-workspace\sp5-chap03\src\main\resources
2022-01-11 20:03:01,275 [Worker-57: Building] WARN  o.e.m.c.i.embedder.EclipseLogger - Using platform encoding (MS949 actually) to copy filtered resources, i.e. build is platform dependent!
2022-01-11 20:03:01,276 [Worker-57: Building] INFO  o.e.m.c.i.embedder.EclipseLogger - skip non existing resourceDirectory C:\ONEDRIVE\OneDrive - 아주대학교\Spring Study\eclipse-workspace\sp5-chap03\src\test\resources
2022-01-11 20:03:19,635 [Worker-62: Building] WARN  o.e.m.c.i.embedder.EclipseLogger - Using platform encoding (MS949 actually) to copy filtered resources, i.e. build is platform dependent!
2022-01-11 20:03:19,637 [Worker-62: Building] INFO  o.e.m.c.i.embedder.EclipseLogger - skip non existing resourceDirectory C:\ONEDRIVE\OneDrive - 아주대학교\Spring Study\eclipse-workspace\sp5-chap03\src\main\resources
2022-01-11 20:03:19,639 [Worker-62: Building] WARN  o.e.m.c.i.embedder.EclipseLogger - Using platform encoding (MS949 actually) to copy filtered resources, i.e. build is platform dependent!
2022-01-11 20:03:19,640 [Worker-62: Building] INFO  o.e.m.c.i.embedder.EclipseLogger - skip non existing resourceDirectory C:\ONEDRIVE\OneDrive - 아주대학교\Spring Study\eclipse-workspace\sp5-chap03\src\test\resources
2022-01-11 20:07:57,048 [Worker-65: Launching MainForAssembler] WARN  o.e.m.c.i.embedder.EclipseLogger - Using platform encoding (MS949 actually) to copy filtered resources, i.e. build is platform dependent!
2022-01-11 20:07:57,050 [Worker-65: Launching MainForAssembler] INFO  o.e.m.c.i.embedder.EclipseLogger - skip non existing resourceDirectory C:\ONEDRIVE\OneDrive - 아주대학교\Spring Study\eclipse-workspace\sp5-chap03\src\main\resources
2022-01-11 20:07:57,052 [Worker-65: Launching MainForAssembler] WARN  o.e.m.c.i.embedder.EclipseLogger - Using platform encoding (MS949 actually) to copy filtered resources, i.e. build is platform dependent!
2022-01-11 20:07:57,053 [Worker-65: Launching MainForAssembler] INFO  o.e.m.c.i.embedder.EclipseLogger - skip non existing resourceDirectory C:\ONEDRIVE\OneDrive - 아주대학교\Spring Study\eclipse-workspace\sp5-chap03\src\test\resources
2022-01-11 20:14:46,943 [Worker-66: Building] WARN  o.e.m.c.i.embedder.EclipseLogger - Using platform encoding (MS949 actually) to copy filtered resources, i.e. build is platform dependent!
2022-01-11 20:14:46,945 [Worker-66: Building] INFO  o.e.m.c.i.embedder.EclipseLogger - skip non existing resourceDirectory C:\ONEDRIVE\OneDrive - 아주대학교\Spring Study\eclipse-workspace\sp5-chap03\src\main\resources
2022-01-11 20:14:46,946 [Worker-66: Building] WARN  o.e.m.c.i.embedder.EclipseLogger - Using platform encoding (MS949 actually) to copy filtered resources, i.e. build is platform dependent!
2022-01-11 20:14:46,947 [Worker-66: Building] INFO  o.e.m.c.i.embedder.EclipseLogger - skip non existing resourceDirectory C:\ONEDRIVE\OneDrive - 아주대학교\Spring Study\eclipse-workspace\sp5-chap03\src\test\resources
